Build started 12/3/2014 3:03:31 PM.
     1>Project "C:\Users\Owner\Documents\CS Classes\CS559\SkiTown\GrTown2014\GrTown\GrTown.vcxproj" on node 2 (Build target(s)).
     1>PreBuildEvent:
         C:/"Program Files (x86)/FLTK 1.3.2"/bin/fluid.exe -c GraphicsTownUI.fl
         :VCEnd
       ClCompile:
         C:\Program Files (x86)\Microsoft Visual Studio 12.0\VC\bin\CL.exe /c /I"C:\Program Files (x86)\FLTK 1.3.2\include" /I"C:\Program Files\glew\include" /I.. /ZI /nologo /W3 /WX- /Od /Oy- /D WIN32 /D _DEBUG /D _CONSOLE /D _CRT_SECURE_NO_WARNINGS /D _VC80_UPGRADE=0x0710 /D _MBCS /Gm /EHsc /RTC1 /MDd /GS /fp:precise /Zc:wchar_t /Zc:forScope /Fo"Debug\\" /Fd"Debug\vc120.pdb" /Gd /TP /analyze- /errorReport:prompt GraphicsTownUI.cxx Main.cpp TownViewWidget.cpp
         Main.cpp
         GraphicsTownUI.cxx
         Generating Code...
         Skipping... (no relevant changes detected)
         TownViewWidget.cpp
       Link:
         C:\Program Files (x86)\Microsoft Visual Studio 12.0\VC\bin\link.exe /ERRORREPORT:PROMPT /OUT:"Debug\GrTown.exe" /INCREMENTAL /NOLOGO /LIBPATH:"C:\Program Files (x86)\FLTK 1.3.2\lib" /LIBPATH:"C:\Program Files\glew\lib\Release\Win32\\" fltkd.lib fltkgld.lib comctl32.lib wsock32.lib opengl32.lib glu32.lib fltkjpegd.lib fltkpngd.lib fltkzlibd.lib fltkimagesd.lib glew32s.lib kernel32.lib user32.lib gdi32.lib winspool.lib comdlg32.lib advapi32.lib shell32.lib ole32.lib oleaut32.lib uuid.lib odbc32.lib odbccp32.lib /MANIFEST /MANIFESTUAC:"level='asInvoker' uiAccess='false'" /manifest:embed /DEBUG /PDB:"Debug\GrTown.pdb" /SUBSYSTEM:CONSOLE /TLBID:1 /DYNAMICBASE:NO /IMPLIB:"Debug\GrTown.lib" /MACHINE:X86 /SAFESEH Debug\libtarga.obj
         Debug\ShaderTools.obj
         Debug\Texture.obj
         Debug\Behavior.obj
         Debug\DrawingState.obj
         Debug\DrawUtils.obj
         Debug\Cars.obj
         Debug\Objects.obj
         Debug\SimpleBehaviors.obj
         Debug\Suburbs.obj
         Debug\FlyCamera.obj
         Debug\GraphicsTownUI.obj
         Debug\GrObject.obj
         Debug\GrWorld.obj
         Debug\Main.obj
         Debug\MMatrix.obj
         Debug\Drive.obj
         Debug\Roads.obj
         Debug\TownViewWidget.obj
     1>LINK : fatal error LNK1104: cannot open file 'Debug\GrTown.ilk'
     1>Done Building Project "C:\Users\Owner\Documents\CS Classes\CS559\SkiTown\GrTown2014\GrTown\GrTown.vcxproj" (Build target(s)) -- FAILED.

Build FAILED.

Time Elapsed 00:00:04.67
