c:\users\robert\documents\code\cs559\graphics_town\skitown\grtown2014\grtown\release\vc120.pdb
c:\users\robert\documents\code\cs559\graphics_town\skitown\grtown2014\grtown\release\libtarga.obj
c:\users\robert\documents\code\cs559\graphics_town\skitown\grtown2014\grtown\release\townviewwidget.obj
c:\users\robert\documents\code\cs559\graphics_town\skitown\grtown2014\grtown\release\roads.obj
c:\users\robert\documents\code\cs559\graphics_town\skitown\grtown2014\grtown\release\drive.obj
c:\users\robert\documents\code\cs559\graphics_town\skitown\grtown2014\grtown\release\mmatrix.obj
c:\users\robert\documents\code\cs559\graphics_town\skitown\grtown2014\grtown\release\main.obj
c:\users\robert\documents\code\cs559\graphics_town\skitown\grtown2014\grtown\release\grworld.obj
c:\users\robert\documents\code\cs559\graphics_town\skitown\grtown2014\grtown\release\grobject.obj
c:\users\robert\documents\code\cs559\graphics_town\skitown\grtown2014\grtown\release\graphicstownui.obj
c:\users\robert\documents\code\cs559\graphics_town\skitown\grtown2014\grtown\release\flycamera.obj
c:\users\robert\documents\code\cs559\graphics_town\skitown\grtown2014\grtown\release\suburbs.obj
c:\users\robert\documents\code\cs559\graphics_town\skitown\grtown2014\grtown\release\simplebehaviors.obj
c:\users\robert\documents\code\cs559\graphics_town\skitown\grtown2014\grtown\release\objects.obj
c:\users\robert\documents\code\cs559\graphics_town\skitown\grtown2014\grtown\release\cars.obj
c:\users\robert\documents\code\cs559\graphics_town\skitown\grtown2014\grtown\release\drawutils.obj
c:\users\robert\documents\code\cs559\graphics_town\skitown\grtown2014\grtown\release\drawingstate.obj
c:\users\robert\documents\code\cs559\graphics_town\skitown\grtown2014\grtown\release\behavior.obj
c:\users\robert\documents\code\cs559\graphics_town\skitown\grtown2014\grtown\release\texture.obj
c:\users\robert\documents\code\cs559\graphics_town\skitown\grtown2014\grtown\release\shadertools.obj
c:\users\robert\documents\code\cs559\graphics_town\skitown\grtown2014\grtown\release\skycube.obj
c:\users\robert\documents\code\cs559\graphics_town\skitown\grtown2014\grtown\release\grtown.exe
c:\users\robert\documents\code\cs559\graphics_town\skitown\grtown2014\grtown\release\grtown.pdb
c:\users\robert\documents\code\cs559\graphics_town\skitown\grtown2014\grtown\release\grtown.tlog\cl.command.1.tlog
c:\users\robert\documents\code\cs559\graphics_town\skitown\grtown2014\grtown\release\grtown.tlog\cl.read.1.tlog
c:\users\robert\documents\code\cs559\graphics_town\skitown\grtown2014\grtown\release\grtown.tlog\cl.write.1.tlog
c:\users\robert\documents\code\cs559\graphics_town\skitown\grtown2014\grtown\release\grtown.tlog\link.command.1.tlog
c:\users\robert\documents\code\cs559\graphics_town\skitown\grtown2014\grtown\release\grtown.tlog\link.read.1.tlog
c:\users\robert\documents\code\cs559\graphics_town\skitown\grtown2014\grtown\release\grtown.tlog\link.write.1.tlog
